Arguments: 
  C:\Program Files\nodejs\node.exe D:\Program_Files\Service\Node_JS\node_global\node_modules\yarn\bin\yarn.js add mongoose5.7.0

PATH: 
  C:\Program Files (x86)\Razer\ChromaBroadcast\bin;C:\Program Files\Razer\ChromaBroadcast\bin;C:\WINDOWS\system32;C:\WINDOWS;C:\WINDOWS\System32\Wbem;C:\WINDOWS\System32\WindowsPowerShell\v1.0\;C:\WINDOWS\System32\OpenSSH\;C:\Program Files\VisualSVN Server\bin;C:\Program Files\Git\cmd;C:\WINDOWS\system32\config\systemprofile\AppData\Local\Microsoft\WindowsApps;C:\Program Files\nodejs\;C:\Users\123\AppData\Local\Microsoft\WindowsApps;D:\Microsoft VS Code\bin;D:\Program_Files\Service\Node_JS\node_global\node_modules\browserify\bin;D:\Program_Files\Service\Node_JS\node_global;D:\Program_Files\Service\Node_JS\node_global;C:\Program Files\MongoDB\Server\3.2\bin;C:\Users\123\Desktop\新建文件夹 (2);C:\Users\123\AppData\Roaming\npm

Yarn version: 
  1.22.17

Node version: 
  16.13.2

Platform: 
  win32 x64

Trace: 
  Error: https://registry.npm.taobao.org/mongoose5.7.0: Not found
      at Request.params.callback [as _callback] (D:\Program_Files\Service\Node_JS\node_global\node_modules\yarn\lib\cli.js:67029:18)
      at Request.self.callback (D:\Program_Files\Service\Node_JS\node_global\node_modules\yarn\lib\cli.js:140883:22)
      at Request.emit (node:events:390:28)
      at Request.<anonymous> (D:\Program_Files\Service\Node_JS\node_global\node_modules\yarn\lib\cli.js:141855:10)
      at Request.emit (node:events:390:28)
      at IncomingMessage.<anonymous> (D:\Program_Files\Service\Node_JS\node_global\node_modules\yarn\lib\cli.js:141777:12)
      at Object.onceWrapper (node:events:509:28)
      at IncomingMessage.emit (node:events:402:35)
      at endReadableNT (node:internal/streams/readable:1343:12)
      at processTicksAndRejections (node:internal/process/task_queues:83:21)

npm manifest: 
  {
    "name": "mongoose_model",
    "version": "1.0.0",
    "main": "index.js",
    "license": "MIT",
    "dependencies": {
      "mongoose": "^6.1.8"
    }
  }

yarn manifest: 
  No manifest

Lockfile: 
  # THIS IS AN AUTOGENERATED FILE. DO NOT EDIT THIS FILE DIRECTLY.
  # yarn lockfile v1
  
  
  "@types/node@*":
    version "17.0.13"
    resolved "https://registry.npmmirror.com/@types/node/download/@types/node-17.0.13.tgz#5ed7ed7c662948335fcad6c412bb42d99ea754e3"
    integrity sha512-Y86MAxASe25hNzlDbsviXl8jQHb0RDvKt4c40ZJQ1Don0AAL0STLZSs4N+6gLEO55pedy7r2cLwS+ZDxPm/2Bw==
  
  "@types/node@< 17.0.6":
    version "17.0.5"
    resolved "https://registry.npmmirror.com/@types/node/download/@types/node-17.0.5.tgz#57ca67ec4e57ad9e4ef5a6bab48a15387a1c83e0"
    integrity sha512-w3mrvNXLeDYV1GKTZorGJQivK6XLCoGwpnyJFbJVK/aTBQUxOCaa/GlFAAN3OTDFcb7h5tiFG+YXCO2By+riZw==
  
  "@types/webidl-conversions@*":
    version "6.1.1"
    resolved "https://registry.npmmirror.com/@types/webidl-conversions/download/@types/webidl-conversions-6.1.1.tgz#e33bc8ea812a01f63f90481c666334844b12a09e"
    integrity sha1-4zvI6oEqAfY/kEgcZmM0hEsSoJ4=
  
  "@types/whatwg-url@^8.2.1":
    version "8.2.1"
    resolved "https://registry.npmmirror.com/@types/whatwg-url/download/@types/whatwg-url-8.2.1.tgz#f1aac222dab7c59e011663a0cb0a3117b2ef05d4"
    integrity sha1-8arCItq3xZ4BFmOgywoxF7LvBdQ=
    dependencies:
      "@types/node" "*"
      "@types/webidl-conversions" "*"
  
  base64-js@^1.3.1:
    version "1.5.1"
    resolved "https://registry.npmmirror.com/base64-js/download/base64-js-1.5.1.tgz#1b1b440160a5bf7ad40b650f095963481903930a"
    integrity sha1-GxtEAWClv3rUC2UPCVljSBkDkwo=
  
  bson@^4.2.2, bson@^4.6.0:
    version "4.6.1"
    resolved "https://registry.npmmirror.com/bson/download/bson-4.6.1.tgz#2b5da517539bb0f7f3ffb54ac70a384ca899641c"
    integrity sha512-I1LQ7Hz5zgwR4QquilLNZwbhPw0Apx7i7X9kGMBTsqPdml/03Q9NBtD9nt/19ahjlphktQImrnderxqpzeVDjw==
    dependencies:
      buffer "^5.6.0"
  
  buffer@^5.6.0:
    version "5.7.1"
    resolved "https://registry.npmmirror.com/buffer/download/buffer-5.7.1.tgz#ba62e7c13133053582197160851a8f648e99eed0"
    integrity sha512-EHcyIPBQ4BSGlvjB16k5KgAJ27CIsHY/2JBmCRReo48y9rQ3MaUzWX3KVlBa4U7MyX02HdVj0K7C3WaB3ju7FQ==
    dependencies:
      base64-js "^1.3.1"
      ieee754 "^1.1.13"
  
  debug@4.x:
    version "4.3.3"
    resolved "https://registry.npmmirror.com/debug/download/debug-4.3.3.tgz#04266e0b70a98d4462e6e288e38259213332b664"
    integrity sha512-/zxw5+vh1Tfv+4Qn7a5nsbcJKPaSvCDhojn6FEl9vupwK2VCSDtEiEtqr8DFtzYFOdz63LBkxec7DYuc2jon6Q==
    dependencies:
      ms "2.1.2"
  
  denque@^2.0.1:
    version "2.0.1"
    resolved "https://registry.npmmirror.com/denque/download/denque-2.0.1.tgz#bcef4c1b80dc32efe97515744f21a4229ab8934a"
    integrity sha1-vO9MG4DcMu/pdRV0TyGkIpq4k0o=
  
  ieee754@^1.1.13:
    version "1.2.1"
    resolved "https://registry.nlark.com/ieee754/download/ieee754-1.2.1.tgz#8eb7a10a63fff25d15a57b001586d177d1b0d352"
    integrity sha1-jrehCmP/8l0VpXsAFYbRd9Gw01I=
  
  kareem@2.3.3:
    version "2.3.3"
    resolved "https://registry.npmmirror.com/kareem/download/kareem-2.3.3.tgz#a4432d7965a5bb06fc2b4eeae71317344c9a756a"
    integrity sha512-uESCXM2KdtOQ8LOvKyTUXEeg0MkYp4wGglTIpGcYHvjJcS5sn2Wkfrfit8m4xSbaNDAw2KdI9elgkOxZbrFYbg==
  
  memory-pager@^1.0.2:
    version "1.5.0"
    resolved "https://registry.nlark.com/memory-pager/download/memory-pager-1.5.0.tgz#d8751655d22d384682741c972f2c3d6dfa3e66b5"
    integrity sha1-2HUWVdItOEaCdByXLyw9bfo+ZrU=
  
  mongodb-connection-string-url@^2.3.2:
    version "2.4.1"
    resolved "https://registry.npmmirror.com/mongodb-connection-string-url/download/mongodb-connection-string-url-2.4.1.tgz#6b3c6c40133a0ad059fe9a0abda64b2a1cb4e8b4"
    integrity sha512-d5Kd2bVsKcSA7YI/yo57fSTtMwRQdFkvc5IZwod1RRxJtECeWPPSo7zqcUGJELifRA//Igs4spVtYAmvFCatug==
    dependencies:
      "@types/whatwg-url" "^8.2.1"
      whatwg-url "^11.0.0"
  
  mongodb@4.2.2:
    version "4.2.2"
    resolved "https://registry.npmmirror.com/mongodb/download/mongodb-4.2.2.tgz#cd70568bd96003877e35358ad17a0c5de35c6dfd"
    integrity sha512-zt8rCTnTKyMQppyt63qMnrLM5dbADgUk18ORPF1XbtHLIYCyc9hattaYHi0pqMvNxDpgGgUofSVzS+UQErgTug==
    dependencies:
      bson "^4.6.0"
      denque "^2.0.1"
      mongodb-connection-string-url "^2.3.2"
    optionalDependencies:
      saslprep "^1.0.3"
  
  mongoose@^6.1.8:
    version "6.1.8"
    resolved "https://registry.npmmirror.com/mongoose/download/mongoose-6.1.8.tgz#8565c7610ceb81a9b0416ceb4bf0b709c8b83f6a"
    integrity sha512-/voqwU2dtet3zAR73r8jdPhqluU1VzIAnk7ecXPJBgyXKREnwQrz40lfW7fLpaqhmMhsAbA+JQ7ICUn2vAVFLw==
    dependencies:
      "@types/node" "< 17.0.6"
      bson "^4.2.2"
      kareem "2.3.3"
      mongodb "4.2.2"
      mpath "0.8.4"
      mquery "4.0.2"
      ms "2.1.2"
      regexp-clone "1.0.0"
      sift "13.5.2"
  
  mpath@0.8.4:
    version "0.8.4"
    resolved "https://registry.nlark.com/mpath/download/mpath-0.8.4.tgz#6b566d9581621d9e931dd3b142ed3618e7599313"
    integrity sha1-a1ZtlYFiHZ6THdOxQu02GOdZkxM=
  
  mquery@4.0.2:
    version "4.0.2"
    resolved "https://registry.npmmirror.com/mquery/download/mquery-4.0.2.tgz#a13add5ecd7c2e5a67e0f814b3c7acdfb6772804"
    integrity sha512-oAVF0Nil1mT3rxty6Zln4YiD6x6QsUWYz927jZzjMxOK2aqmhEz5JQ7xmrKK7xRFA2dwV+YaOpKU/S+vfNqKxA==
    dependencies:
      debug "4.x"
  
  ms@2.1.2:
    version "2.1.2"
    resolved "https://registry.npmmirror.com/ms/download/ms-2.1.2.tgz#d09d1f357b443f493382a8eb3ccd183872ae6009"
    integrity sha1-0J0fNXtEP0kzgqjrPM0YOHKuYAk=
  
  punycode@^2.1.1:
    version "2.1.1"
    resolved "https://registry.nlark.com/punycode/download/punycode-2.1.1.tgz#b58b010ac40c22c5657616c8d2c2c02c7bf479ec"
    integrity sha1-tYsBCsQMIsVldhbI0sLALHv0eew=
  
  regexp-clone@1.0.0:
    version "1.0.0"
    resolved "https://registry.nlark.com/regexp-clone/download/regexp-clone-1.0.0.tgz#222db967623277056260b992626354a04ce9bf63"
    integrity sha1-Ii25Z2IydwViYLmSYmNUoEzpv2M=
  
  saslprep@^1.0.3:
    version "1.0.3"
    resolved "https://registry.nlark.com/saslprep/download/saslprep-1.0.3.tgz#4c02f946b56cf54297e347ba1093e7acac4cf226"
    integrity sha1-TAL5RrVs9UKX40e6EJPnrKxM8iY=
    dependencies:
      sparse-bitfield "^3.0.3"
  
  sift@13.5.2:
    version "13.5.2"
    resolved "https://registry.npmmirror.com/sift/download/sift-13.5.2.tgz#24a715e13c617b086166cd04917d204a591c9da6"
    integrity sha1-JKcV4TxhewhhZs0EkX0gSlkcnaY=
  
  sparse-bitfield@^3.0.3:
    version "3.0.3"
    resolved "https://registry.nlark.com/sparse-bitfield/download/sparse-bitfield-3.0.3.tgz#ff4ae6e68656056ba4b3e792ab3334d38273ca11"
    integrity sha1-/0rm5oZWBWuks+eSqzM004JzyhE=
    dependencies:
      memory-pager "^1.0.2"
  
  tr46@^3.0.0:
    version "3.0.0"
    resolved "https://registry.npmmirror.com/tr46/download/tr46-3.0.0.tgz?cache=0&sync_timestamp=1633302501959&other_urls=https%3A%2F%2Fregistry.npmmirror.com%2Ftr46%2Fdownload%2Ftr46-3.0.0.tgz#555c4e297a950617e8eeddef633c87d4d9d6cbf9"
    integrity sha1-VVxOKXqVBhfo7t3vYzyH1NnWy/k=
    dependencies:
      punycode "^2.1.1"
  
  webidl-conversions@^7.0.0:
    version "7.0.0"
    resolved "https://registry.nlark.com/webidl-conversions/download/webidl-conversions-7.0.0.tgz#256b4e1882be7debbf01d05f0aa2039778ea080a"
    integrity sha1-JWtOGIK+feu/AdBfCqIDl3jqCAo=
  
  whatwg-url@^11.0.0:
    version "11.0.0"
    resolved "https://registry.npmmirror.com/whatwg-url/download/whatwg-url-11.0.0.tgz#0a849eebb5faf2119b901bb76fd795c2848d4018"
    integrity sha1-CoSe67X68hGbkBu3b9eVwoSNQBg=
    dependencies:
      tr46 "^3.0.0"
      webidl-conversions "^7.0.0"
